2024-08-30 20:32:04,175	[INFO]	(client.py:162)_bot_login	[botpy] 登录机器人账号中...
2024-08-30 20:32:17,090	[ERROR]	(robot.py:63)update_access_token	[botpy] 获取token失败，请检查appid和secret填写是否正确！
2024-08-30 20:34:27,050	[INFO]	(client.py:162)_bot_login	[botpy] 登录机器人账号中...
2024-08-30 20:34:29,047	[INFO]	(robot.py:65)update_access_token	[botpy] access_token expires_in 6335
2024-08-30 20:34:31,821	[ERROR]	(http.py:76)_handle_response	[botpy] 接口请求异常，请求连接: https://api.sgroup.qq.com/users/@me, 错误代码: 401, 返回内容: {'message': '接口访问源IP不在白名单', 'code': 11298, 'err_code': 40023002, 'trace_id': 'e447f8b014d64d7905e6db76502eb4f8'}, trace_id:e447f8b014d64d7905e6db76502eb4f8
2024-08-30 20:35:27,547	[INFO]	(client.py:162)_bot_login	[botpy] 登录机器人账号中...
2024-08-30 20:35:27,762	[INFO]	(robot.py:65)update_access_token	[botpy] access_token expires_in 6276
2024-08-30 20:35:27,973	[ERROR]	(http.py:76)_handle_response	[botpy] 接口请求异常，请求连接: https://api.sgroup.qq.com/users/@me, 错误代码: 401, 返回内容: {'message': '接口访问源IP不在白名单', 'code': 11298, 'err_code': 40023002, 'trace_id': '763603415802b12b104448260d4d39c5'}, trace_id:763603415802b12b104448260d4d39c5
2024-08-30 20:35:52,006	[INFO]	(client.py:162)_bot_login	[botpy] 登录机器人账号中...
2024-08-30 20:35:52,173	[INFO]	(robot.py:65)update_access_token	[botpy] access_token expires_in 6252
2024-08-30 20:35:52,330	[ERROR]	(http.py:76)_handle_response	[botpy] 接口请求异常，请求连接: https://api.sgroup.qq.com/users/@me, 错误代码: 401, 返回内容: {'message': '接口访问源IP不在白名单', 'code': 11298, 'err_code': 40023002, 'trace_id': 'a2572610e3b117bfd527465c12b6c750'}, trace_id:a2572610e3b117bfd527465c12b6c750
2024-08-30 20:39:08,139	[INFO]	(client.py:162)_bot_login	[botpy] 登录机器人账号中...
2024-08-30 20:39:08,304	[INFO]	(robot.py:65)update_access_token	[botpy] access_token expires_in 6056
2024-08-30 20:39:08,467	[ERROR]	(http.py:76)_handle_response	[botpy] 接口请求异常，请求连接: https://api.sgroup.qq.com/users/@me, 错误代码: 401, 返回内容: {'message': '接口访问源IP不在白名单', 'code': 11298, 'err_code': 40023002, 'trace_id': '1c406b317e7cc6f817fc00334efdab3b'}, trace_id:1c406b317e7cc6f817fc00334efdab3b
2024-08-30 20:44:10,739	[INFO]	(client.py:162)_bot_login	[botpy] 登录机器人账号中...
2024-08-30 20:44:10,928	[INFO]	(robot.py:65)update_access_token	[botpy] access_token expires_in 5753
2024-08-30 20:44:11,109	[ERROR]	(http.py:76)_handle_response	[botpy] 接口请求异常，请求连接: https://api.sgroup.qq.com/users/@me, 错误代码: 401, 返回内容: {'message': '接口访问源IP不在白名单', 'code': 11298, 'err_code': 40023002, 'trace_id': 'ad98fa285b719db31c0590b175e8317f'}, trace_id:ad98fa285b719db31c0590b175e8317f
2024-08-30 20:45:34,522	[INFO]	(client.py:162)_bot_login	[botpy] 登录机器人账号中...
2024-08-30 20:45:34,693	[INFO]	(robot.py:65)update_access_token	[botpy] access_token expires_in 5669
2024-08-30 20:45:34,857	[ERROR]	(http.py:76)_handle_response	[botpy] 接口请求异常，请求连接: https://api.sgroup.qq.com/users/@me, 错误代码: 401, 返回内容: {'message': '接口访问源IP不在白名单', 'code': 11298, 'err_code': 40023002, 'trace_id': '9c333c33003e540d61c7896f47730c9e'}, trace_id:9c333c33003e540d61c7896f47730c9e
2024-08-30 20:47:34,670	[INFO]	(client.py:162)_bot_login	[botpy] 登录机器人账号中...
2024-08-30 20:47:34,846	[INFO]	(robot.py:65)update_access_token	[botpy] access_token expires_in 5549
2024-08-30 20:47:34,993	[ERROR]	(http.py:76)_handle_response	[botpy] 接口请求异常，请求连接: https://api.sgroup.qq.com/users/@me, 错误代码: 401, 返回内容: {'message': '接口访问源IP不在白名单', 'code': 11298, 'err_code': 40023002, 'trace_id': '55f0ac963cba9651aebdbee157243825'}, trace_id:55f0ac963cba9651aebdbee157243825
2024-08-30 20:50:24,017	[INFO]	(client.py:162)_bot_login	[botpy] 登录机器人账号中...
2024-08-30 20:50:24,212	[INFO]	(robot.py:65)update_access_token	[botpy] access_token expires_in 5380
2024-08-30 20:50:24,391	[ERROR]	(http.py:76)_handle_response	[botpy] 接口请求异常，请求连接: https://api.sgroup.qq.com/users/@me, 错误代码: 401, 返回内容: {'message': '接口访问源IP不在白名单', 'code': 11298, 'err_code': 40023002, 'trace_id': '246d12d01a6321f53f83c0c1554e5d8e'}, trace_id:246d12d01a6321f53f83c0c1554e5d8e
2024-08-30 20:50:45,780	[INFO]	(client.py:162)_bot_login	[botpy] 登录机器人账号中...
2024-08-30 20:50:45,951	[INFO]	(robot.py:65)update_access_token	[botpy] access_token expires_in 5358
2024-08-30 20:50:46,086	[ERROR]	(http.py:76)_handle_response	[botpy] 接口请求异常，请求连接: https://api.sgroup.qq.com/users/@me, 错误代码: 401, 返回内容: {'message': '接口访问源IP不在白名单', 'code': 11298, 'err_code': 40023002, 'trace_id': 'cb4fcebbeb9c3befb156c9082bf32b5d'}, trace_id:cb4fcebbeb9c3befb156c9082bf32b5d
2024-08-30 20:53:46,421	[INFO]	(client.py:162)_bot_login	[botpy] 登录机器人账号中...
2024-08-30 20:53:46,611	[INFO]	(robot.py:65)update_access_token	[botpy] access_token expires_in 5178
2024-08-30 20:53:46,764	[ERROR]	(http.py:76)_handle_response	[botpy] 接口请求异常，请求连接: https://api.sgroup.qq.com/users/@me, 错误代码: 401, 返回内容: {'message': '接口访问源IP不在白名单', 'code': 11298, 'err_code': 40023002, 'trace_id': '61eac2871f40aed8bb2047c8b565cf33'}, trace_id:61eac2871f40aed8bb2047c8b565cf33
2024-08-30 20:56:10,946	[INFO]	(client.py:162)_bot_login	[botpy] 登录机器人账号中...
2024-08-30 20:56:11,149	[INFO]	(robot.py:65)update_access_token	[botpy] access_token expires_in 5033
2024-08-30 20:56:11,329	[ERROR]	(http.py:76)_handle_response	[botpy] 接口请求异常，请求连接: https://api.sgroup.qq.com/users/@me, 错误代码: 401, 返回内容: {'message': '接口访问源IP不在白名单', 'code': 11298, 'err_code': 40023002, 'trace_id': '9e91a19f7a141e7c7bd30a608b3f625e'}, trace_id:9e91a19f7a141e7c7bd30a608b3f625e
2024-08-30 20:58:02,876	[INFO]	(client.py:162)_bot_login	[botpy] 登录机器人账号中...
2024-08-30 20:58:03,039	[INFO]	(robot.py:65)update_access_token	[botpy] access_token expires_in 4921
2024-08-30 20:58:03,206	[ERROR]	(http.py:76)_handle_response	[botpy] 接口请求异常，请求连接: https://api.sgroup.qq.com/users/@me, 错误代码: 401, 返回内容: {'message': '接口访问源IP不在白名单', 'code': 11298, 'err_code': 40023002, 'trace_id': '5d78e4a3a7e60eda3f8e958c8a3ccd69'}, trace_id:5d78e4a3a7e60eda3f8e958c8a3ccd69
2024-08-30 21:00:00,756	[INFO]	(client.py:162)_bot_login	[botpy] 登录机器人账号中...
2024-08-30 21:00:02,862	[INFO]	(robot.py:65)update_access_token	[botpy] access_token expires_in 4802
2024-08-30 21:00:05,353	[ERROR]	(http.py:76)_handle_response	[botpy] 接口请求异常，请求连接: https://api.sgroup.qq.com/users/@me, 错误代码: 401, 返回内容: {'message': '接口访问源IP不在白名单', 'code': 11298, 'err_code': 40023002, 'trace_id': 'cb764676fa5a4deff952f3bd52371172'}, trace_id:cb764676fa5a4deff952f3bd52371172
2024-08-30 21:00:51,230	[INFO]	(client.py:162)_bot_login	[botpy] 登录机器人账号中...
2024-08-30 21:00:52,759	[INFO]	(robot.py:65)update_access_token	[botpy] access_token expires_in 4752
2024-08-30 21:00:54,749	[ERROR]	(http.py:76)_handle_response	[botpy] 接口请求异常，请求连接: https://api.sgroup.qq.com/users/@me, 错误代码: 401, 返回内容: {'message': '接口访问源IP不在白名单', 'code': 11298, 'err_code': 40023002, 'trace_id': '987a751c236ce1407496bb2cd382fc46'}, trace_id:987a751c236ce1407496bb2cd382fc46
2024-08-30 21:03:03,816	[INFO]	(client.py:162)_bot_login	[botpy] 登录机器人账号中...
2024-08-30 21:03:04,178	[INFO]	(robot.py:65)update_access_token	[botpy] access_token expires_in 4620
2024-08-30 21:03:04,832	[INFO]	(client.py:181)_bot_init	[botpy] 程序启动...
2024-08-30 21:03:04,833	[INFO]	(connection.py:60)multi_run	[botpy] 最大并发连接数: 1, 启动会话数: 1
2024-08-30 21:03:04,834	[INFO]	(client.py:242)bot_connect	[botpy] 会话启动中...
2024-08-30 21:03:04,834	[INFO]	(gateway.py:115)ws_connect	[botpy] 启动中...
2024-08-30 21:03:05,063	[INFO]	(gateway.py:142)ws_identify	[botpy] 鉴权中...
2024-08-30 21:03:05,187	[INFO]	(gateway.py:85)on_message	[botpy] 机器人「测试机器人-测试中」启动成功！
2024-08-30 21:03:05,188	[INFO]	(gateway.py:223)_send_heart	[botpy] 心跳维持启动...
2024-08-30 21:12:25,886	[INFO]	(client.py:162)_bot_login	[botpy] 登录机器人账号中...
2024-08-30 21:12:26,172	[INFO]	(robot.py:65)update_access_token	[botpy] access_token expires_in 4058
2024-08-30 21:12:26,776	[INFO]	(client.py:181)_bot_init	[botpy] 程序启动...
2024-08-30 21:12:26,777	[INFO]	(connection.py:60)multi_run	[botpy] 最大并发连接数: 1, 启动会话数: 1
2024-08-30 21:12:26,777	[INFO]	(client.py:242)bot_connect	[botpy] 会话启动中...
2024-08-30 21:12:26,777	[INFO]	(gateway.py:115)ws_connect	[botpy] 启动中...
2024-08-30 21:12:26,950	[INFO]	(gateway.py:142)ws_identify	[botpy] 鉴权中...
2024-08-30 21:12:27,073	[INFO]	(gateway.py:85)on_message	[botpy] 机器人「测试机器人-测试中」启动成功！
2024-08-30 21:12:27,074	[INFO]	(gateway.py:223)_send_heart	[botpy] 心跳维持启动...
2024-08-30 21:12:27,075	[INFO]	(main.py:22)on_ready	robot 「测试机器人-测试中」 on_ready!
2024-08-30 21:22:24,398	[INFO]	(client.py:162)_bot_login	[botpy] 登录机器人账号中...
2024-08-30 21:22:24,688	[INFO]	(robot.py:65)update_access_token	[botpy] access_token expires_in 3460
2024-08-30 21:22:25,249	[INFO]	(client.py:181)_bot_init	[botpy] 程序启动...
2024-08-30 21:22:25,250	[INFO]	(connection.py:60)multi_run	[botpy] 最大并发连接数: 1, 启动会话数: 1
2024-08-30 21:22:25,250	[INFO]	(client.py:242)bot_connect	[botpy] 会话启动中...
2024-08-30 21:22:25,251	[INFO]	(gateway.py:115)ws_connect	[botpy] 启动中...
2024-08-30 21:22:25,429	[INFO]	(gateway.py:142)ws_identify	[botpy] 鉴权中...
2024-08-30 21:22:25,542	[INFO]	(gateway.py:85)on_message	[botpy] 机器人「测试机器人-测试中」启动成功！
2024-08-30 21:22:25,543	[INFO]	(gateway.py:223)_send_heart	[botpy] 心跳维持启动...
2024-08-30 21:22:25,544	[INFO]	(main.py:22)on_ready	robot 「测试机器人-测试中」 on_ready!
2024-08-30 21:30:02,494	[INFO]	(client.py:162)_bot_login	[botpy] 登录机器人账号中...
2024-08-30 21:30:02,741	[INFO]	(robot.py:65)update_access_token	[botpy] access_token expires_in 3002
2024-08-30 21:30:03,592	[INFO]	(client.py:181)_bot_init	[botpy] 程序启动...
2024-08-30 21:30:03,593	[INFO]	(connection.py:60)multi_run	[botpy] 最大并发连接数: 1, 启动会话数: 1
2024-08-30 21:30:03,593	[INFO]	(client.py:242)bot_connect	[botpy] 会话启动中...
2024-08-30 21:30:03,594	[INFO]	(gateway.py:115)ws_connect	[botpy] 启动中...
2024-08-30 21:30:03,782	[INFO]	(gateway.py:142)ws_identify	[botpy] 鉴权中...
2024-08-30 21:30:03,914	[INFO]	(gateway.py:85)on_message	[botpy] 机器人「测试机器人-测试中」启动成功！
2024-08-30 21:30:03,915	[INFO]	(gateway.py:223)_send_heart	[botpy] 心跳维持启动...
2024-08-30 21:30:03,916	[INFO]	(main.py:22)on_ready	robot 「测试机器人-测试中」 on_ready!
2024-08-30 21:31:01,200	[INFO]	(client.py:162)_bot_login	[botpy] 登录机器人账号中...
2024-08-30 21:31:01,404	[INFO]	(robot.py:65)update_access_token	[botpy] access_token expires_in 2943
2024-08-30 21:31:01,940	[INFO]	(client.py:181)_bot_init	[botpy] 程序启动...
2024-08-30 21:31:01,940	[INFO]	(connection.py:60)multi_run	[botpy] 最大并发连接数: 1, 启动会话数: 1
2024-08-30 21:31:01,941	[INFO]	(client.py:242)bot_connect	[botpy] 会话启动中...
2024-08-30 21:31:01,942	[INFO]	(gateway.py:115)ws_connect	[botpy] 启动中...
2024-08-30 21:31:02,125	[INFO]	(gateway.py:142)ws_identify	[botpy] 鉴权中...
2024-08-30 21:31:02,238	[INFO]	(gateway.py:85)on_message	[botpy] 机器人「测试机器人-测试中」启动成功！
2024-08-30 21:31:02,238	[INFO]	(gateway.py:223)_send_heart	[botpy] 心跳维持启动...
2024-08-30 21:31:02,239	[INFO]	(main.py:22)on_ready	robot 「测试机器人-测试中」 on_ready!
2024-08-30 21:32:30,942	[INFO]	(client.py:162)_bot_login	[botpy] 登录机器人账号中...
2024-08-30 21:32:31,149	[INFO]	(robot.py:65)update_access_token	[botpy] access_token expires_in 2853
2024-08-30 21:32:31,671	[INFO]	(client.py:181)_bot_init	[botpy] 程序启动...
2024-08-30 21:32:31,672	[INFO]	(connection.py:60)multi_run	[botpy] 最大并发连接数: 1, 启动会话数: 1
2024-08-30 21:32:31,673	[INFO]	(client.py:242)bot_connect	[botpy] 会话启动中...
2024-08-30 21:32:31,673	[INFO]	(gateway.py:115)ws_connect	[botpy] 启动中...
2024-08-30 21:32:31,927	[INFO]	(gateway.py:142)ws_identify	[botpy] 鉴权中...
2024-08-30 21:32:32,047	[INFO]	(gateway.py:85)on_message	[botpy] 机器人「测试机器人-测试中」启动成功！
2024-08-30 21:32:32,048	[INFO]	(gateway.py:223)_send_heart	[botpy] 心跳维持启动...
2024-08-30 21:32:32,049	[INFO]	(main.py:22)on_ready	robot 「测试机器人-测试中」 on_ready!
2024-08-30 21:34:29,093	[INFO]	(client.py:162)_bot_login	[botpy] 登录机器人账号中...
2024-08-30 21:34:29,305	[INFO]	(robot.py:65)update_access_token	[botpy] access_token expires_in 2735
2024-08-30 21:34:29,812	[INFO]	(client.py:181)_bot_init	[botpy] 程序启动...
2024-08-30 21:34:29,813	[INFO]	(connection.py:60)multi_run	[botpy] 最大并发连接数: 1, 启动会话数: 1
2024-08-30 21:34:29,814	[INFO]	(client.py:242)bot_connect	[botpy] 会话启动中...
2024-08-30 21:34:29,814	[INFO]	(gateway.py:115)ws_connect	[botpy] 启动中...
2024-08-30 21:34:30,008	[INFO]	(gateway.py:142)ws_identify	[botpy] 鉴权中...
2024-08-30 21:34:30,106	[INFO]	(gateway.py:85)on_message	[botpy] 机器人「测试机器人-测试中」启动成功！
2024-08-30 21:34:30,107	[INFO]	(gateway.py:223)_send_heart	[botpy] 心跳维持启动...
2024-08-30 21:34:30,107	[INFO]	(main.py:19)on_ready	robot 「测试机器人-测试中」 on_ready!
2024-08-30 21:34:37,825	[INFO]	(main.py:27)on_group_at_message_create	{'id': 'ROBOT1.0_0aDKeqhwILG6ELEsmwCI02zevgQhigfbdhxg4Ej45yhfSa8X.8gsNBhGd9oST6BNph.TXeJY7Wr2cZ5MExB6sQ!!', 'timestamp': '2024-08-30T21:34:36+08:00'}
2024-08-30 21:36:19,535	[INFO]	(main.py:27)on_group_at_message_create	{'id': 'ROBOT1.0_0aDKeqhwILG6ELEsmwCI0wRsSVuOodo9j3CAGJknIAi58zgxGNL6w85VGHFptzur3VNxfy1mA3hT9vgOJPQ8EA!!', 'timestamp': '2024-08-30T21:36:19+08:00'}
2024-08-30 21:36:35,029	[INFO]	(main.py:27)on_group_at_message_create	{'id': 'ROBOT1.0_0aDKeqhwILG6ELEsmwCI01.UV0j4bfMWaQFW3mvkh2lFC5T3m87C6MuOHcvWnZyuI4zl9rys15bPCDBcdcrOvA!!', 'timestamp': '2024-08-30T21:36:34+08:00'}
2024-08-30 21:38:10,440	[INFO]	(main.py:27)on_group_at_message_create	{'id': 'ROBOT1.0_0aDKeqhwILG6ELEsmwCI01ldFEk-ZA0CC84Izqkbl7Z.CSL0X1IY8WUr6HlTPoOJNTnh7Jj59VHC3Z3avfOcYA!!', 'timestamp': '2024-08-30T21:38:10+08:00'}
2024-08-30 21:38:26,466	[INFO]	(main.py:27)on_group_at_message_create	{'id': 'ROBOT1.0_0aDKeqhwILG6ELEsmwCI00pOHBoDIBPf2wIjMVHqcXPvvQHdazC26Kr8CdQwI4qxFWsZy6q0UA6-aj6CFLmvew!!', 'timestamp': '2024-08-30T21:38:26+08:00'}
2024-08-30 22:04:28,826	[INFO]	(gateway.py:56)on_closed	[botpy] 关闭, 返回码: 4009, 返回信息: Session timed out
2024-08-30 22:04:28,828	[INFO]	(gateway.py:134)ws_connect	[botpy] ws关闭, 停止接收消息!
2024-08-30 22:04:33,832	[INFO]	(connection.py:60)multi_run	[botpy] 最大并发连接数: 1, 启动会话数: 1
2024-08-30 22:04:33,833	[INFO]	(client.py:242)bot_connect	[botpy] 会话启动中...
2024-08-30 22:04:33,834	[INFO]	(gateway.py:115)ws_connect	[botpy] 启动中...
2024-08-30 22:04:34,090	[INFO]	(gateway.py:175)ws_resume	[botpy] 重连启动...
2024-08-30 22:04:34,206	[INFO]	(gateway.py:90)on_message	[botpy] 机器人重连成功! 
2024-08-30 22:04:34,208	[INFO]	(gateway.py:223)_send_heart	[botpy] 心跳维持启动...
2024-08-30 22:20:09,401	[INFO]	(client.py:162)_bot_login	[botpy] 登录机器人账号中...
2024-08-30 22:20:09,801	[INFO]	(robot.py:65)update_access_token	[botpy] access_token expires_in 7200
2024-08-30 22:20:10,318	[INFO]	(client.py:181)_bot_init	[botpy] 程序启动...
2024-08-30 22:20:10,318	[INFO]	(connection.py:60)multi_run	[botpy] 最大并发连接数: 1, 启动会话数: 1
2024-08-30 22:20:10,319	[INFO]	(client.py:242)bot_connect	[botpy] 会话启动中...
2024-08-30 22:20:10,319	[INFO]	(gateway.py:115)ws_connect	[botpy] 启动中...
2024-08-30 22:20:10,474	[INFO]	(gateway.py:142)ws_identify	[botpy] 鉴权中...
2024-08-30 22:20:10,606	[INFO]	(gateway.py:85)on_message	[botpy] 机器人「测试机器人-测试中」启动成功！
2024-08-30 22:20:10,607	[INFO]	(gateway.py:223)_send_heart	[botpy] 心跳维持启动...
2024-08-30 22:20:10,608	[INFO]	(main.py:19)on_ready	robot 「测试机器人-测试中」 on_ready!
2024-08-30 22:20:20,587	[INFO]	(main.py:33)on_c2c_message_create	{'id': 'ROBOT1.0_kHhpMQsdCz2TX-9.nBDeCVs.al0HB1WrnifhDzw3MWn2l3yQyYC3tCXEVT6UzJOcGCo48tdtCiyI5.N3uiZvmQ!!', 'timestamp': '2024-08-30T22:20:20+08:00'}
2024-08-30 22:23:06,207	[INFO]	(main.py:33)on_c2c_message_create	{'id': 'ROBOT1.0_kHhpMQsdCz2TX-9.nBDeCeLcXO1YPI50.2oggFQ1p7djbaAhyyzCNf1jUU5oId3DGCo48tdtCiyI5.N3uiZvmQ!!', 'timestamp': '2024-08-30T22:23:05+08:00'}
2024-08-30 22:29:48,084	[INFO]	(main.py:27)on_group_at_message_create	{'id': 'ROBOT1.0_0aDKeqhwILG6ELEsmwCI04FWDdUEZ9XimdrIJ3lTpbUqle12ARq2sZ-FUQXk-Qv1RTZAo8fwegJLhPZuVuEHMw!!', 'timestamp': '2024-08-30T22:29:47+08:00'}
2024-08-30 22:50:10,533	[INFO]	(gateway.py:56)on_closed	[botpy] 关闭, 返回码: 4009, 返回信息: Session timed out
2024-08-30 22:50:10,535	[INFO]	(gateway.py:134)ws_connect	[botpy] ws关闭, 停止接收消息!
2024-08-30 22:50:15,557	[INFO]	(connection.py:60)multi_run	[botpy] 最大并发连接数: 1, 启动会话数: 1
2024-08-30 22:50:15,559	[INFO]	(client.py:242)bot_connect	[botpy] 会话启动中...
2024-08-30 22:50:15,559	[INFO]	(gateway.py:115)ws_connect	[botpy] 启动中...
2024-08-30 22:50:15,819	[INFO]	(gateway.py:175)ws_resume	[botpy] 重连启动...
2024-08-30 22:50:15,946	[INFO]	(gateway.py:90)on_message	[botpy] 机器人重连成功! 
2024-08-30 22:50:15,947	[INFO]	(gateway.py:223)_send_heart	[botpy] 心跳维持启动...
2024-08-30 23:20:15,877	[INFO]	(gateway.py:56)on_closed	[botpy] 关闭, 返回码: 4009, 返回信息: Session timed out
2024-08-30 23:20:15,880	[INFO]	(gateway.py:134)ws_connect	[botpy] ws关闭, 停止接收消息!
2024-08-30 23:20:20,890	[INFO]	(connection.py:60)multi_run	[botpy] 最大并发连接数: 1, 启动会话数: 1
2024-08-30 23:20:20,891	[INFO]	(client.py:242)bot_connect	[botpy] 会话启动中...
2024-08-30 23:20:20,892	[INFO]	(gateway.py:115)ws_connect	[botpy] 启动中...
2024-08-30 23:20:21,150	[INFO]	(gateway.py:175)ws_resume	[botpy] 重连启动...
2024-08-30 23:20:21,258	[INFO]	(gateway.py:90)on_message	[botpy] 机器人重连成功! 
2024-08-30 23:20:21,259	[INFO]	(gateway.py:223)_send_heart	[botpy] 心跳维持启动...
2024-08-30 23:50:21,205	[INFO]	(gateway.py:56)on_closed	[botpy] 关闭, 返回码: 4009, 返回信息: Session timed out
2024-08-30 23:50:21,206	[INFO]	(gateway.py:134)ws_connect	[botpy] ws关闭, 停止接收消息!
2024-08-30 23:50:26,212	[INFO]	(connection.py:60)multi_run	[botpy] 最大并发连接数: 1, 启动会话数: 1
2024-08-30 23:50:26,212	[INFO]	(client.py:242)bot_connect	[botpy] 会话启动中...
2024-08-30 23:50:26,212	[INFO]	(gateway.py:115)ws_connect	[botpy] 启动中...
2024-08-30 23:50:30,970	[INFO]	(gateway.py:175)ws_resume	[botpy] 重连启动...
2024-08-30 23:50:32,068	[INFO]	(gateway.py:56)on_closed	[botpy] 关闭, 返回码: 4924, 返回信息: session ip forbidden
2024-08-30 23:50:32,068	[INFO]	(gateway.py:62)on_closed	[botpy] 无法重连，创建新连接!
2024-08-30 23:50:32,068	[INFO]	(gateway.py:134)ws_connect	[botpy] ws关闭, 停止接收消息!
2024-08-30 23:50:37,073	[INFO]	(connection.py:60)multi_run	[botpy] 最大并发连接数: 1, 启动会话数: 1
2024-08-30 23:50:37,073	[INFO]	(client.py:242)bot_connect	[botpy] 会话启动中...
2024-08-30 23:50:37,073	[INFO]	(gateway.py:115)ws_connect	[botpy] 启动中...
2024-08-30 23:50:39,406	[INFO]	(gateway.py:142)ws_identify	[botpy] 鉴权中...
2024-08-30 23:50:39,972	[INFO]	(gateway.py:56)on_closed	[botpy] 关闭, 返回码: 4924, 返回信息: session ip forbidden
2024-08-30 23:50:39,972	[INFO]	(gateway.py:62)on_closed	[botpy] 无法重连，创建新连接!
2024-08-30 23:50:39,973	[INFO]	(gateway.py:134)ws_connect	[botpy] ws关闭, 停止接收消息!
2024-08-30 23:50:44,992	[INFO]	(connection.py:60)multi_run	[botpy] 最大并发连接数: 1, 启动会话数: 1
2024-08-30 23:50:44,992	[INFO]	(client.py:242)bot_connect	[botpy] 会话启动中...
2024-08-30 23:50:44,992	[INFO]	(gateway.py:115)ws_connect	[botpy] 启动中...
2024-08-30 23:50:48,218	[INFO]	(gateway.py:142)ws_identify	[botpy] 鉴权中...
2024-08-30 23:50:49,019	[INFO]	(gateway.py:56)on_closed	[botpy] 关闭, 返回码: 4924, 返回信息: session ip forbidden
2024-08-30 23:50:49,019	[INFO]	(gateway.py:62)on_closed	[botpy] 无法重连，创建新连接!
2024-08-30 23:50:49,022	[INFO]	(gateway.py:134)ws_connect	[botpy] ws关闭, 停止接收消息!
2024-08-30 23:50:54,038	[INFO]	(connection.py:60)multi_run	[botpy] 最大并发连接数: 1, 启动会话数: 1
2024-08-30 23:50:54,039	[INFO]	(client.py:242)bot_connect	[botpy] 会话启动中...
2024-08-30 23:50:54,047	[INFO]	(gateway.py:115)ws_connect	[botpy] 启动中...
2024-08-30 23:50:58,094	[INFO]	(gateway.py:142)ws_identify	[botpy] 鉴权中...
2024-08-30 23:50:58,651	[INFO]	(gateway.py:56)on_closed	[botpy] 关闭, 返回码: 4924, 返回信息: session ip forbidden
2024-08-30 23:50:58,651	[INFO]	(gateway.py:62)on_closed	[botpy] 无法重连，创建新连接!
2024-08-30 23:50:58,652	[INFO]	(gateway.py:134)ws_connect	[botpy] ws关闭, 停止接收消息!
2024-08-31 00:02:17,904	[INFO]	(client.py:162)_bot_login	[botpy] 登录机器人账号中...
2024-08-31 00:02:22,076	[INFO]	(robot.py:65)update_access_token	[botpy] access_token expires_in 1068
2024-08-31 00:02:26,088	[ERROR]	(http.py:76)_handle_response	[botpy] 接口请求异常，请求连接: https://api.sgroup.qq.com/users/@me, 错误代码: 401, 返回内容: {'message': '接口访问源IP不在白名单', 'code': 11298, 'err_code': 40023002, 'trace_id': '72a935cd163ee041c37f50ddd9500765'}, trace_id:72a935cd163ee041c37f50ddd9500765
2024-08-31 00:08:04,205	[INFO]	(client.py:162)_bot_login	[botpy] 登录机器人账号中...
2024-08-31 00:08:04,513	[INFO]	(robot.py:65)update_access_token	[botpy] access_token expires_in 725
2024-08-31 00:08:05,109	[INFO]	(client.py:181)_bot_init	[botpy] 程序启动...
2024-08-31 00:08:05,109	[INFO]	(connection.py:60)multi_run	[botpy] 最大并发连接数: 1, 启动会话数: 1
2024-08-31 00:08:05,110	[INFO]	(client.py:242)bot_connect	[botpy] 会话启动中...
2024-08-31 00:08:05,110	[INFO]	(gateway.py:115)ws_connect	[botpy] 启动中...
2024-08-31 00:08:05,290	[INFO]	(gateway.py:142)ws_identify	[botpy] 鉴权中...
2024-08-31 00:08:05,414	[INFO]	(gateway.py:85)on_message	[botpy] 机器人「测试机器人-测试中」启动成功！
2024-08-31 00:08:05,414	[INFO]	(gateway.py:223)_send_heart	[botpy] 心跳维持启动...
2024-08-31 00:12:05,939	[INFO]	(client.py:162)_bot_login	[botpy] 登录机器人账号中...
2024-08-31 00:12:09,322	[INFO]	(robot.py:65)update_access_token	[botpy] access_token expires_in 481
2024-08-31 00:12:13,734	[ERROR]	(http.py:76)_handle_response	[botpy] 接口请求异常，请求连接: https://api.sgroup.qq.com/users/@me, 错误代码: 401, 返回内容: {'message': '接口访问源IP不在白名单', 'code': 11298, 'err_code': 40023002, 'trace_id': '7c06c2cec84c511372d6e7f84a5f9b1b'}, trace_id:7c06c2cec84c511372d6e7f84a5f9b1b
2024-08-31 00:12:49,899	[INFO]	(client.py:162)_bot_login	[botpy] 登录机器人账号中...
2024-08-31 00:12:50,156	[INFO]	(robot.py:65)update_access_token	[botpy] access_token expires_in 440
2024-08-31 00:12:50,701	[INFO]	(client.py:181)_bot_init	[botpy] 程序启动...
2024-08-31 00:12:50,701	[INFO]	(connection.py:60)multi_run	[botpy] 最大并发连接数: 1, 启动会话数: 1
2024-08-31 00:12:50,702	[INFO]	(client.py:242)bot_connect	[botpy] 会话启动中...
2024-08-31 00:12:50,702	[INFO]	(gateway.py:115)ws_connect	[botpy] 启动中...
2024-08-31 00:12:50,901	[INFO]	(gateway.py:142)ws_identify	[botpy] 鉴权中...
2024-08-31 00:12:51,024	[INFO]	(gateway.py:85)on_message	[botpy] 机器人「测试机器人-测试中」启动成功！
2024-08-31 00:12:51,025	[INFO]	(gateway.py:223)_send_heart	[botpy] 心跳维持启动...
2024-08-31 00:17:14,145	[INFO]	(client.py:162)_bot_login	[botpy] 登录机器人账号中...
2024-08-31 00:17:14,409	[INFO]	(robot.py:65)update_access_token	[botpy] access_token expires_in 176
2024-08-31 00:17:14,953	[INFO]	(client.py:181)_bot_init	[botpy] 程序启动...
2024-08-31 00:17:14,954	[INFO]	(connection.py:60)multi_run	[botpy] 最大并发连接数: 1, 启动会话数: 1
2024-08-31 00:17:14,954	[INFO]	(client.py:242)bot_connect	[botpy] 会话启动中...
2024-08-31 00:17:14,955	[INFO]	(gateway.py:115)ws_connect	[botpy] 启动中...
2024-08-31 00:17:15,141	[INFO]	(gateway.py:142)ws_identify	[botpy] 鉴权中...
2024-08-31 00:17:15,253	[INFO]	(gateway.py:85)on_message	[botpy] 机器人「测试机器人-测试中」启动成功！
2024-08-31 00:17:15,253	[INFO]	(gateway.py:223)_send_heart	[botpy] 心跳维持启动...
2024-08-31 00:23:01,859	[INFO]	(client.py:162)_bot_login	[botpy] 登录机器人账号中...
2024-08-31 00:23:02,211	[INFO]	(robot.py:65)update_access_token	[botpy] access_token expires_in 7200
2024-08-31 00:23:02,828	[INFO]	(client.py:181)_bot_init	[botpy] 程序启动...
2024-08-31 00:23:02,829	[INFO]	(connection.py:60)multi_run	[botpy] 最大并发连接数: 1, 启动会话数: 1
2024-08-31 00:23:02,829	[INFO]	(client.py:242)bot_connect	[botpy] 会话启动中...
2024-08-31 00:23:02,830	[INFO]	(gateway.py:115)ws_connect	[botpy] 启动中...
2024-08-31 00:23:03,022	[INFO]	(gateway.py:142)ws_identify	[botpy] 鉴权中...
2024-08-31 00:23:03,134	[INFO]	(gateway.py:85)on_message	[botpy] 机器人「测试机器人-测试中」启动成功！
2024-08-31 00:23:03,135	[INFO]	(gateway.py:223)_send_heart	[botpy] 心跳维持启动...
2024-08-31 00:23:41,342	[INFO]	(client.py:162)_bot_login	[botpy] 登录机器人账号中...
2024-08-31 00:23:41,666	[INFO]	(robot.py:65)update_access_token	[botpy] access_token expires_in 7161
2024-08-31 00:23:42,207	[INFO]	(client.py:181)_bot_init	[botpy] 程序启动...
2024-08-31 00:23:42,208	[INFO]	(connection.py:60)multi_run	[botpy] 最大并发连接数: 1, 启动会话数: 1
2024-08-31 00:23:42,209	[INFO]	(client.py:242)bot_connect	[botpy] 会话启动中...
2024-08-31 00:23:42,209	[INFO]	(gateway.py:115)ws_connect	[botpy] 启动中...
2024-08-31 00:23:42,414	[INFO]	(gateway.py:142)ws_identify	[botpy] 鉴权中...
2024-08-31 00:23:42,540	[INFO]	(gateway.py:85)on_message	[botpy] 机器人「测试机器人-测试中」启动成功！
2024-08-31 00:23:42,541	[INFO]	(gateway.py:223)_send_heart	[botpy] 心跳维持启动...
2024-08-31 00:26:26,474	[INFO]	(client.py:162)_bot_login	[botpy] 登录机器人账号中...
2024-08-31 00:26:26,704	[INFO]	(robot.py:65)update_access_token	[botpy] access_token expires_in 6996
2024-08-31 00:26:27,229	[INFO]	(client.py:181)_bot_init	[botpy] 程序启动...
2024-08-31 00:26:27,229	[INFO]	(connection.py:60)multi_run	[botpy] 最大并发连接数: 1, 启动会话数: 1
2024-08-31 00:26:27,230	[INFO]	(client.py:242)bot_connect	[botpy] 会话启动中...
2024-08-31 00:26:27,230	[INFO]	(gateway.py:115)ws_connect	[botpy] 启动中...
2024-08-31 00:26:27,418	[INFO]	(gateway.py:142)ws_identify	[botpy] 鉴权中...
2024-08-31 00:26:27,528	[INFO]	(gateway.py:85)on_message	[botpy] 机器人「测试机器人-测试中」启动成功！
2024-08-31 00:26:27,529	[INFO]	(gateway.py:223)_send_heart	[botpy] 心跳维持启动...
2024-08-31 00:28:22,048	[INFO]	(client.py:162)_bot_login	[botpy] 登录机器人账号中...
2024-08-31 00:28:22,311	[INFO]	(robot.py:65)update_access_token	[botpy] access_token expires_in 6880
2024-08-31 00:28:22,811	[INFO]	(client.py:181)_bot_init	[botpy] 程序启动...
2024-08-31 00:28:22,812	[INFO]	(connection.py:60)multi_run	[botpy] 最大并发连接数: 1, 启动会话数: 1
2024-08-31 00:28:22,813	[INFO]	(client.py:242)bot_connect	[botpy] 会话启动中...
2024-08-31 00:28:22,813	[INFO]	(gateway.py:115)ws_connect	[botpy] 启动中...
2024-08-31 00:28:23,013	[INFO]	(gateway.py:142)ws_identify	[botpy] 鉴权中...
2024-08-31 00:28:23,112	[INFO]	(gateway.py:85)on_message	[botpy] 机器人「测试机器人-测试中」启动成功！
2024-08-31 00:28:23,113	[INFO]	(gateway.py:223)_send_heart	[botpy] 心跳维持启动...
2024-08-31 00:29:49,104	[INFO]	(client.py:162)_bot_login	[botpy] 登录机器人账号中...
2024-08-31 00:29:49,330	[INFO]	(robot.py:65)update_access_token	[botpy] access_token expires_in 6793
2024-08-31 00:29:49,878	[INFO]	(client.py:181)_bot_init	[botpy] 程序启动...
2024-08-31 00:29:49,878	[INFO]	(connection.py:60)multi_run	[botpy] 最大并发连接数: 1, 启动会话数: 1
2024-08-31 00:29:49,879	[INFO]	(client.py:242)bot_connect	[botpy] 会话启动中...
2024-08-31 00:29:49,880	[INFO]	(gateway.py:115)ws_connect	[botpy] 启动中...
2024-08-31 00:29:50,060	[INFO]	(gateway.py:142)ws_identify	[botpy] 鉴权中...
2024-08-31 00:29:50,177	[INFO]	(gateway.py:85)on_message	[botpy] 机器人「测试机器人-测试中」启动成功！
2024-08-31 00:29:50,178	[INFO]	(gateway.py:223)_send_heart	[botpy] 心跳维持启动...
2024-08-31 00:32:05,666	[INFO]	(client.py:162)_bot_login	[botpy] 登录机器人账号中...
2024-08-31 00:32:05,908	[INFO]	(robot.py:65)update_access_token	[botpy] access_token expires_in 6656
2024-08-31 00:32:06,510	[INFO]	(client.py:181)_bot_init	[botpy] 程序启动...
2024-08-31 00:32:06,511	[INFO]	(connection.py:60)multi_run	[botpy] 最大并发连接数: 1, 启动会话数: 1
2024-08-31 00:32:06,512	[INFO]	(client.py:242)bot_connect	[botpy] 会话启动中...
2024-08-31 00:32:06,512	[INFO]	(gateway.py:115)ws_connect	[botpy] 启动中...
2024-08-31 00:32:06,669	[INFO]	(gateway.py:142)ws_identify	[botpy] 鉴权中...
2024-08-31 00:32:06,780	[INFO]	(gateway.py:85)on_message	[botpy] 机器人「测试机器人-测试中」启动成功！
2024-08-31 00:32:06,781	[INFO]	(gateway.py:223)_send_heart	[botpy] 心跳维持启动...
2024-08-31 00:35:14,811	[INFO]	(client.py:162)_bot_login	[botpy] 登录机器人账号中...
2024-08-31 00:35:15,042	[INFO]	(robot.py:65)update_access_token	[botpy] access_token expires_in 6467
2024-08-31 00:35:15,566	[INFO]	(client.py:181)_bot_init	[botpy] 程序启动...
2024-08-31 00:35:15,567	[INFO]	(connection.py:60)multi_run	[botpy] 最大并发连接数: 1, 启动会话数: 1
2024-08-31 00:35:15,567	[INFO]	(client.py:242)bot_connect	[botpy] 会话启动中...
2024-08-31 00:35:15,568	[INFO]	(gateway.py:115)ws_connect	[botpy] 启动中...
2024-08-31 00:35:15,748	[INFO]	(gateway.py:142)ws_identify	[botpy] 鉴权中...
2024-08-31 00:35:15,866	[INFO]	(gateway.py:85)on_message	[botpy] 机器人「测试机器人-测试中」启动成功！
2024-08-31 00:35:15,867	[INFO]	(gateway.py:223)_send_heart	[botpy] 心跳维持启动...
2024-08-31 00:38:46,600	[INFO]	(client.py:162)_bot_login	[botpy] 登录机器人账号中...
2024-08-31 00:38:46,851	[INFO]	(robot.py:65)update_access_token	[botpy] access_token expires_in 6255
2024-08-31 00:38:47,371	[INFO]	(client.py:181)_bot_init	[botpy] 程序启动...
2024-08-31 00:38:47,372	[INFO]	(connection.py:60)multi_run	[botpy] 最大并发连接数: 1, 启动会话数: 1
2024-08-31 00:38:47,373	[INFO]	(client.py:242)bot_connect	[botpy] 会话启动中...
2024-08-31 00:38:47,373	[INFO]	(gateway.py:115)ws_connect	[botpy] 启动中...
2024-08-31 00:38:47,537	[INFO]	(gateway.py:142)ws_identify	[botpy] 鉴权中...
2024-08-31 00:38:47,642	[INFO]	(gateway.py:85)on_message	[botpy] 机器人「测试机器人-测试中」启动成功！
2024-08-31 00:38:47,644	[INFO]	(gateway.py:223)_send_heart	[botpy] 心跳维持启动...
